<?xml version="1.0" encoding="UTF-8"?>
<testsuite xmlns:xsi="http://www.w3.org/2001/XMLSchema-instance" xsi:schemaLocation="https://maven.apache.org/surefire/maven-surefire-plugin/xsd/surefire-test-report.xsd" name="AutoTest.Cucumber_Test.RunnerClass" time="28.559" tests="12" errors="0" skipped="0" failures="0">
  <properties>
[...]
</properties>
  <testcase name="Given am on the &quot;Landing&quot; Page" classname="| wegit | 12345678 |" time="0.001"/>
  <testcase name="And I enter my &quot;Username&quot; as &quot;wegit&quot;" classname="| wegit | 12345678 |" time="0"/>
  <testcase name="And I enter my &quot;Password&quot; as &quot;12345678&quot;" classname="| wegit | 12345678 |" time="0"/>
  <testcase name="When I click &quot;Login&quot; button" classname="| wegit | 12345678 |" time="0"/>
  <testcase name="Then am on the &quot;Home&quot; Page" classname="| wegit | 12345678 |" time="0"/>
  <testcase name="| wegit | 12345678 |" classname="| wegit | 12345678 |" time="0.001"/>
  <testcase name="Given am on the Landing Page" classname="Scenario: Login and Logout" time="0"/>
  <testcase name="And I enter my Username as wegit" classname="Scenario: Login and Logout" time="0"/>
  <testcase name="And I enter my Password as 123455678" classname="Scenario: Login and Logout" time="0"/>
  <testcase name="When I click Login button" classname="Scenario: Login and Logout" time="0"/>
  <testcase name="Then am on the Home Page" classname="Scenario: Login and Logout" time="0"/>
  <testcase name="Scenario: Login and Logout" classname="Scenario: Login and Logout" time="0"/>
</testsuite>